Info: CustomCategory:minhaview: 31 mini seconds publishing element
Info: DeliveryProcess:Processo de Desenvolvimento de Software: 730 mini seconds publishing element
Info: DeliveryProcess:Processo de Desenvolvimento de Software: 3441 mini seconds publishing process specific layout data
Info: Phase:Fase Inicial: 456 mini seconds publishing element
Info: : 1372 mini-second(s) publishing element Activity:Definição de Projeto[Processo de Desenvolvimento de Software\deliveryprocesses\Definição de Projeto_FA5A7C11.html]
Info: Activity:Definição de Projeto: 1375 mini seconds publishing element
Info: Activity:Documentação: 211 mini seconds publishing element
Info: Activity:Gerência: 348 mini seconds publishing element
Info: Phase:Fase de Definição: 385 mini seconds publishing element
Info: Activity:Definição do Projeto: 529 mini seconds publishing element
Info: Activity:Implementação: 251 mini seconds publishing element
Info: Activity:Gerência: 305 mini seconds publishing element
Info: Phase:Fase de Implementação: 429 mini seconds publishing element
Info: Activity:Definição do Projeto: 347 mini seconds publishing element
Info: Activity:Implementação: 368 mini seconds publishing element
Info: Activity:Gerência: 334 mini seconds publishing element
Info: Phase:Fase de Testes: 365 mini seconds publishing element
Info: Activity:Implementação: 499 mini seconds publishing element
Info: Activity:Gerência: 301 mini seconds publishing element
Info: TaskDescriptor:definicao_do_problema_a_ser_resolvido: 97 mini seconds publishing element
Info: TaskDescriptor:definir_escopo_do_projeto: 21 mini seconds publishing element
Info: TaskDescriptor:definir_funcionalidades_e_limitacoes: 93 mini seconds publishing element
Info: TaskDescriptor:prototipos_inicial: 18 mini seconds publishing element
Info: TaskDescriptor:analisar_casos_de_uso_criados_: 15 mini seconds publishing element
Info: TaskDescriptor:criacao_de_casos_de_uso_inicial: 66 mini seconds publishing element
Info: TaskDescriptor:documento_de_viso_inicial: 14 mini seconds publishing element
Info: TaskDescriptor:escolher_ferramentas: 13 mini seconds publishing element
Info: TaskDescriptor:instalacao_de_ferramentas: 16 mini seconds publishing element
Info: TaskDescriptor:reunioes: 72 mini seconds publishing element
Info: TaskDescriptor:ajustes_na_arquitetura: 100 mini seconds publishing element
Info: TaskDescriptor:atualizacao_de_diagramas: 61 mini seconds publishing element
Info: TaskDescriptor:criacao_de_diagramas_necessrios: 8 mini seconds publishing element
Info: TaskDescriptor:definir_diagramas_utilizados_na_validacao: 16 mini seconds publishing element
Info: TaskDescriptor:detalhamento_prototipos: 46 mini seconds publishing element
Info: TaskDescriptor:mudancas_nos_requisitos_e_funcionalidades: 15 mini seconds publishing element
Info: TaskDescriptor:iniciar_implementacao: 65 mini seconds publishing element
Info: TaskDescriptor:especificar_ferramentas_utilizadas: 12 mini seconds publishing element
Info: TaskDescriptor:instalacao_de_ferramentas_necessrias_ao_desenvolvimento: 14 mini seconds publishing element
Info: TaskDescriptor:reunioes: 60 mini seconds publishing element
Info: TaskDescriptor:atualizacao_de_diagramas: 63 mini seconds publishing element
Info: TaskDescriptor:casos_de_uso_da_iteracao: 14 mini seconds publishing element
Info: TaskDescriptor:detalhamento_de_diagramas: 14 mini seconds publishing element
Info: TaskDescriptor:mudancas_no_projeto: 123 mini seconds publishing element
Info: TaskDescriptor:executar_a_implementao_principal: 55 mini seconds publishing element
Info: TaskDescriptor:revisao_de_arquitetura: 0 mini seconds publishing element
Info: TaskDescriptor:consulta_com_cliente: 16 mini seconds publishing element
Info: TaskDescriptor:corrigir_erros: 62 mini seconds publishing element
Info: TaskDescriptor:executar_testes: 67 mini seconds publishing element
Info: TaskDescriptor:gerar_relatorios: 13 mini seconds publishing element
Info: TaskDescriptor:verificar_mudancas: 13 mini seconds publishing element
Info: TaskDescriptor:avaliar_evolucao_do_projeto: 11 mini seconds publishing element
Info: TaskDescriptor:planejar_testes: 12 mini seconds publishing element
Info: RoleDescriptor:analista: 26 mini seconds publishing element
Info: RoleDescriptor:analista: 20 mini seconds publishing element
Info: RoleDescriptor:analista: 19 mini seconds publishing element
Info: RoleDescriptor:analista: 13 mini seconds publishing element
Info: RoleDescriptor:clientes: 22 mini seconds publishing element
Info: RoleDescriptor:clientes: 13 mini seconds publishing element
Info: RoleDescriptor:clientes: 13 mini seconds publishing element
Info: RoleDescriptor:desenvolvedor: 6 mini seconds publishing element
Info: RoleDescriptor:desenvolvedor: 15 mini seconds publishing element
Info: RoleDescriptor:desenvolvedor: 16 mini seconds publishing element
Info: RoleDescriptor:desenvolvedor: 74 mini seconds publishing element
Info: RoleDescriptor:designer: 15 mini seconds publishing element
Info: RoleDescriptor:designer: 16 mini seconds publishing element
Info: RoleDescriptor:lider_de_equipe: 16 mini seconds publishing element
Info: RoleDescriptor:lider_de_equipe: 30 mini seconds publishing element
Info: RoleDescriptor:lider_de_equipe: 59 mini seconds publishing element
Info: RoleDescriptor:lider_de_equipe: 12 mini seconds publishing element
Info: RoleDescriptor:lider_de_equipe: 13 mini seconds publishing element
Info: WorkProductDescriptor:ata_de_reunioes: 60 mini seconds publishing element
Info: WorkProductDescriptor:atas_de_reunioes: 11 mini seconds publishing element
Info: WorkProductDescriptor:atas_de_reunioes: 16 mini seconds publishing element
Info: WorkProductDescriptor:codigos_fontes: 0 mini seconds publishing element
Info: WorkProductDescriptor:codigos_fontes_final: 15 mini seconds publishing element
Info: WorkProductDescriptor:diagramas: 63 mini seconds publishing element
Info: WorkProductDescriptor:diagramas: 16 mini seconds publishing element
Info: WorkProductDescriptor:diagramas_iniciais: 76 mini seconds publishing element
Info: WorkProductDescriptor:documento_de_arquitetura: 12 mini seconds publishing element
Info: WorkProductDescriptor:documento_de_arquitetura: 62 mini seconds publishing element
Info: WorkProductDescriptor:documento_de_arquitetura: 52 mini seconds publishing element
Info: WorkProductDescriptor:documento_de_risco: 66 mini seconds publishing element
Info: WorkProductDescriptor:documento_de_visao: 0 mini seconds publishing element
Info: WorkProductDescriptor:documento_de_visao: 16 mini seconds publishing element
Info: WorkProductDescriptor:documento_de_visao: 0 mini seconds publishing element
Info: WorkProductDescriptor:documento_de_visao_final: 16 mini seconds publishing element
Info: WorkProductDescriptor:plano_de_iteracao: 15 mini seconds publishing element
Info: WorkProductDescriptor:planos_de_iteracao: 16 mini seconds publishing element
Info: WorkProductDescriptor:prototipos: 0 mini seconds publishing element
Info: WorkProductDescriptor:prototipos_atualizados: 0 mini seconds publishing element
Info: WorkProductDescriptor:relatorio_de_erros: 16 mini seconds publishing element
Info: WorkProductDescriptor:documento_de_arquitetura: 16 mini seconds publishing element
Info: WorkProductDescriptor:codigos_fontes: 18 mini seconds publishing element
Info: Task:definicao_do_problema_a_ser_resolvido: 34 mini seconds publishing element
Info: Task:definir_escopo_do_projeto: 28 mini seconds publishing element
Info: Task:definir_funcionalidades_e_limitacoes: 27 mini seconds publishing element
Info: Task:prototipos_inicial: 11 mini seconds publishing element
Info: Task:analisar_casos_de_uso_criados_: 10 mini seconds publishing element
Info: Task:criacao_de_casos_de_uso_inicial: 8 mini seconds publishing element
Info: Task:documento_de_viso_inicial: 9 mini seconds publishing element
Info: Task:escolher_ferramentas: 10 mini seconds publishing element
Info: Task:instalacao_de_ferramentas: 9 mini seconds publishing element
Info: Task:reunioes: 12 mini seconds publishing element
Info: Task:ajustes_na_arquitetura: 13 mini seconds publishing element
Info: Task:atualizacao_de_diagramas: 298 mini seconds publishing element
Info: Task:criacao_de_diagramas_necessrios: 10 mini seconds publishing element
Info: Task:definir_diagramas_utilizados_na_validacao: 12 mini seconds publishing element
Info: Task:detalhamento_prototipos: 24 mini seconds publishing element
Info: Task:mudancas_nos_requisitos_e_funcionalidades: 25 mini seconds publishing element
Info: Task:iniciar_implementacao: 9 mini seconds publishing element
Info: Task:especificar_ferramentas_utilizadas: 25 mini seconds publishing element
Info: Task:instalacao_de_ferramentas_necessrias_ao_desenvolvimento: 23 mini seconds publishing element
Info: Task:reunioes: 9 mini seconds publishing element
Info: Task:atualizacao_de_diagramas: 9 mini seconds publishing element
Info: Task:casos_de_uso_da_iteracao: 25 mini seconds publishing element
Info: Task:detalhamento_de_diagramas: 12 mini seconds publishing element
Info: Task:mudancas_no_projeto: 12 mini seconds publishing element
Info: Task:executar_a_implementao_principal: 18 mini seconds publishing element
Info: Task:revisao_de_arquitetura: 26 mini seconds publishing element
Info: Task:consulta_com_cliente: 10 mini seconds publishing element
Info: Task:corrigir_erros: 10 mini seconds publishing element
Info: Task:executar_testes: 10 mini seconds publishing element
Info: Task:gerar_relatorios: 17 mini seconds publishing element
Info: Task:verificar_mudancas: 15 mini seconds publishing element
Info: Task:avaliar_evolucao_do_projeto: 0 mini seconds publishing element
Info: Task:planejar_testes: 16 mini seconds publishing element
Info: Role:analista: 47 mini seconds publishing element
Info: Role:analista: 78 mini seconds publishing element
Info: Role:analista: 41 mini seconds publishing element
Info: Role:analista: 32 mini seconds publishing element
Info: Role:clientes: 47 mini seconds publishing element
Info: Role:clientes: 27 mini seconds publishing element
Info: Role:clientes: 43 mini seconds publishing element
Info: Role:desenvolvedor: 53 mini seconds publishing element
Info: Role:desenvolvedor: 47 mini seconds publishing element
Info: Role:desenvolvedor: 78 mini seconds publishing element
Info: Role:desenvolvedor: 61 mini seconds publishing element
Info: Role:designer: 65 mini seconds publishing element
Info: Role:designer: 109 mini seconds publishing element
Info: Role:lider_de_equipe: 57 mini seconds publishing element
Info: Role:lider_de_equipe: 66 mini seconds publishing element
Info: Role:lider_de_equipe: 81 mini seconds publishing element
Info: Role:lider_de_equipe: 70 mini seconds publishing element
Info: Role:lider_de_equipe: 83 mini seconds publishing element
Info: Artifact:ata_de_reunioes: 53 mini seconds publishing element
Info: Artifact:atas_de_reunioes: 24 mini seconds publishing element
Info: Artifact:atas_de_reunioes: 29 mini seconds publishing element
Info: Artifact:codigos_fontes: 57 mini seconds publishing element
Info: Artifact:codigos_fontes_final: 49 mini seconds publishing element
Info: Artifact:diagramas: 46 mini seconds publishing element
Info: Artifact:diagramas: 17 mini seconds publishing element
Info: Artifact:diagramas_iniciais: 16 mini seconds publishing element
Info: Artifact:documento_de_arquitetura: 16 mini seconds publishing element
Info: Artifact:documento_de_arquitetura: 29 mini seconds publishing element
Info: Artifact:documento_de_arquitetura: 30 mini seconds publishing element
Info: Artifact:documento_de_risco: 140 mini seconds publishing element
Info: Artifact:documento_de_visao: 36 mini seconds publishing element
Info: Artifact:documento_de_visao: 33 mini seconds publishing element
Info: Artifact:documento_de_visao: 21 mini seconds publishing element
Info: Artifact:documento_de_visao_final: 17 mini seconds publishing element
Info: Artifact:plano_de_iteracao: 47 mini seconds publishing element
Info: Artifact:planos_de_iteracao: 14 mini seconds publishing element
Info: Artifact:prototipos: 12 mini seconds publishing element
Info: Artifact:prototipos_atualizados: 7 mini seconds publishing element
Info: Artifact:relatorio_de_erros: 17 mini seconds publishing element
Info: : Publishing time: 0 minutes 17 seconds
