Warning: DeliveryProcess:Processo de Desenvolvimento de Software: missing resource file './../../Processo de Desenvolvimento de Software/deliveryprocesses/Fase de Defini&ccedil;&atilde;o_19844168.html'
Warning: DeliveryProcess:Processo de Desenvolvimento de Software: missing resource file './../../Processo de Desenvolvimento de Software/deliveryprocesses/Fase de Implementa&ccedil;&atilde;o_E7C791D2.html'
Warning: Phase:Fase Inicial: missing resource file './../../Processo de Desenvolvimento de Software/deliveryprocesses/Defini&ccedil;&atilde;o de Projeto_FA5A7C11.html'
Warning: Phase:Fase Inicial: missing resource file './../../Processo de Desenvolvimento de Software/deliveryprocesses/Documenta&ccedil;&atilde;o_92DD58B5.html'
Warning: Phase:Fase Inicial: missing resource file './../../Processo de Desenvolvimento de Software/deliveryprocesses/Ger&ecirc;ncia_45CCF307.html'
Warning: Activity:Definição de Projeto: missing resource file './../../Processo de Desenvolvimento de Software/deliveryprocesses/resources/Defini&ccedil;&atilde;o de Projeto_FA5A7C11_Activity.jpeg'
Warning: Activity:Definição de Projeto: missing resource file './../../Processo de Desenvolvimento de Software/deliveryprocesses/resources/Defini&ccedil;&atilde;o de Projeto_FA5A7C11_ActivityDetail.jpeg'
Warning: Activity:Documentação: missing resource file './../../Processo de Desenvolvimento de Software/deliveryprocesses/resources/Documenta&ccedil;&atilde;o_92DD58B5_Activity.jpeg'
Warning: Activity:Gerência: missing resource file './../../Processo de Desenvolvimento de Software/deliveryprocesses/resources/Ger&ecirc;ncia_45CCF307_ActivityDetail.jpeg'
Warning: Phase:Fase de Definição: missing resource file './../../Processo de Desenvolvimento de Software/deliveryprocesses/resources/Fase de Defini&ccedil;&atilde;o_19844168_Activity.jpeg'
Warning: Phase:Fase de Definição: missing resource file './../../Processo de Desenvolvimento de Software/deliveryprocesses/Defini&ccedil;&atilde;o do Projeto_12260183.html'
Warning: Phase:Fase de Definição: missing resource file './../../Processo de Desenvolvimento de Software/deliveryprocesses/Implementa&ccedil;&atilde;o_532A428E.html'
Warning: Phase:Fase de Definição: missing resource file './../../Processo de Desenvolvimento de Software/deliveryprocesses/Ger&ecirc;ncia_4A12768D.html'
Warning: Activity:Definição do Projeto: missing resource file './../../Processo de Desenvolvimento de Software/deliveryprocesses/Fase de Defini&ccedil;&atilde;o_19844168.html'
Warning: Activity:Definição do Projeto: missing resource file './../../Processo de Desenvolvimento de Software/deliveryprocesses/resources/Defini&ccedil;&atilde;o do Projeto_12260183_ActivityDetail.jpeg'
Warning: Activity:Implementação: missing resource file './../../Processo de Desenvolvimento de Software/deliveryprocesses/Fase de Defini&ccedil;&atilde;o_19844168.html'
Warning: Activity:Implementação: missing resource file './../../Processo de Desenvolvimento de Software/deliveryprocesses/resources/Implementa&ccedil;&atilde;o_532A428E_ActivityDetail.jpeg'
Warning: Activity:Gerência: missing resource file './../../Processo de Desenvolvimento de Software/deliveryprocesses/Fase de Defini&ccedil;&atilde;o_19844168.html'
Warning: Activity:Gerência: missing resource file './../../Processo de Desenvolvimento de Software/deliveryprocesses/resources/Ger&ecirc;ncia_4A12768D_ActivityDetail.jpeg'
Warning: Phase:Fase de Implementação: missing resource file './../../Processo de Desenvolvimento de Software/deliveryprocesses/resources/Fase de Implementa&ccedil;&atilde;o_E7C791D2_Activity.jpeg'
Warning: Phase:Fase de Implementação: missing resource file './../../Processo de Desenvolvimento de Software/deliveryprocesses/Defini&ccedil;&atilde;o do Projeto_860EC914.html'
Warning: Phase:Fase de Implementação: missing resource file './../../Processo de Desenvolvimento de Software/deliveryprocesses/Implementa&ccedil;&atilde;o_259D0852.html'
Warning: Phase:Fase de Implementação: missing resource file './../../Processo de Desenvolvimento de Software/deliveryprocesses/Ger&ecirc;ncia_7D0FF22D.html'
Warning: Activity:Definição do Projeto: missing resource file './../../Processo de Desenvolvimento de Software/deliveryprocesses/Fase de Implementa&ccedil;&atilde;o_E7C791D2.html'
Warning: Activity:Definição do Projeto: missing resource file './../../Processo de Desenvolvimento de Software/deliveryprocesses/resources/Defini&ccedil;&atilde;o do Projeto_860EC914_ActivityDetail.jpeg'
Warning: Activity:Implementação: missing resource file './../../Processo de Desenvolvimento de Software/deliveryprocesses/Fase de Implementa&ccedil;&atilde;o_E7C791D2.html'
Warning: Activity:Implementação: missing resource file './../../Processo de Desenvolvimento de Software/deliveryprocesses/resources/Implementa&ccedil;&atilde;o_259D0852_ActivityDetail.jpeg'
Warning: Activity:Gerência: missing resource file './../../Processo de Desenvolvimento de Software/deliveryprocesses/Fase de Implementa&ccedil;&atilde;o_E7C791D2.html'
Warning: Activity:Gerência: missing resource file './../../Processo de Desenvolvimento de Software/deliveryprocesses/resources/Ger&ecirc;ncia_7D0FF22D_ActivityDetail.jpeg'
Warning: Phase:Fase de Testes: missing resource file './../../Processo de Desenvolvimento de Software/deliveryprocesses/Implementa&ccedil;&atilde;o_D293AF2.html'
Warning: Phase:Fase de Testes: missing resource file './../../Processo de Desenvolvimento de Software/deliveryprocesses/Ger&ecirc;ncia_4DD8EC6F.html'
Warning: Activity:Implementação: missing resource file './../../Processo de Desenvolvimento de Software/deliveryprocesses/resources/Implementa&ccedil;&atilde;o_D293AF2_ActivityDetail.jpeg'
Warning: Activity:Gerência: missing resource file './../../Processo de Desenvolvimento de Software/deliveryprocesses/resources/Ger&ecirc;ncia_4DD8EC6F_ActivityDetail.jpeg'
